2021-12-15 00:12:424 INFO  ManageDriver :30 - Launching Chrome Browser
2021-12-15 00:12:569 INFO  HomePage :70 - Accepting cookies: [[ChromeDriver: chrome on WINDOWS (4d81448dcec6d13a2a827dcdd8c07f07)] -> xpath: //button[@id='save']]
2021-12-15 00:12:295 INFO  HomePage :75 - Entering job title: [[ChromeDriver: chrome on WINDOWS (4d81448dcec6d13a2a827dcdd8c07f07)] -> id: keywords]
2021-12-15 00:12:508 INFO  HomePage :80 - Entering location: [[ChromeDriver: chrome on WINDOWS (4d81448dcec6d13a2a827dcdd8c07f07)] -> id: location]
2021-12-15 00:12:919 INFO  HomePage :86 - Selecting distance from dropdown: [[ChromeDriver: chrome on WINDOWS (4d81448dcec6d13a2a827dcdd8c07f07)] -> id: distance]
2021-12-15 00:12:194 INFO  HomePage :91 - Clicking on more search options: [[ChromeDriver: chrome on WINDOWS (4d81448dcec6d13a2a827dcdd8c07f07)] -> id: toggle-hp-search]
2021-12-15 00:12:846 INFO  HomePage :96 - Entering minimum salary: [[ChromeDriver: chrome on WINDOWS (4d81448dcec6d13a2a827dcdd8c07f07)] -> id: salarymin]
2021-12-15 00:12:958 INFO  HomePage :101 - Entering maximum salary: 50000
2021-12-15 00:12:14 INFO  HomePage :106 - Selecting salary type from dropdown: [[ChromeDriver: chrome on WINDOWS (4d81448dcec6d13a2a827dcdd8c07f07)] -> id: salarytype]
2021-12-15 00:12:127 INFO  HomePage :111 - Selecting job type from dropdown: [[ChromeDriver: chrome on WINDOWS (4d81448dcec6d13a2a827dcdd8c07f07)] -> id: tempperm]
2021-12-15 00:12:252 INFO  HomePage :116 - Clicking on find job button: [[ChromeDriver: chrome on WINDOWS (4d81448dcec6d13a2a827dcdd8c07f07)] -> id: hp-search-btn]
2021-12-15 00:12:897 INFO  ResultPage :32 - Verifying Search result: [[ChromeDriver: chrome on WINDOWS (4d81448dcec6d13a2a827dcdd8c07f07)] -> xpath: //div[@class='search-header__title']]
2021-12-15 00:12:196 INFO  ManageDriver :30 - Launching Chrome Browser
2021-12-15 00:12:734 INFO  HomePage :70 - Accepting cookies: [[ChromeDriver: chrome on WINDOWS (415794b9a63b7d9489e25eab2124c358)] -> xpath: //button[@id='save']]
2021-12-15 00:12:398 INFO  HomePage :75 - Entering job title: [[ChromeDriver: chrome on WINDOWS (415794b9a63b7d9489e25eab2124c358)] -> id: keywords]
2021-12-15 00:12:549 INFO  HomePage :80 - Entering location: [[ChromeDriver: chrome on WINDOWS (415794b9a63b7d9489e25eab2124c358)] -> id: location]
2021-12-15 00:12:668 INFO  HomePage :86 - Selecting distance from dropdown: [[ChromeDriver: chrome on WINDOWS (415794b9a63b7d9489e25eab2124c358)] -> id: distance]
2021-12-15 00:12:92 INFO  HomePage :91 - Clicking on more search options: [[ChromeDriver: chrome on WINDOWS (415794b9a63b7d9489e25eab2124c358)] -> id: toggle-hp-search]
2021-12-15 00:12:344 INFO  HomePage :96 - Entering minimum salary: [[ChromeDriver: chrome on WINDOWS (415794b9a63b7d9489e25eab2124c358)] -> id: salarymin]
2021-12-15 00:12:446 INFO  HomePage :101 - Entering maximum salary: 60000
2021-12-15 00:12:512 INFO  HomePage :106 - Selecting salary type from dropdown: [[ChromeDriver: chrome on WINDOWS (415794b9a63b7d9489e25eab2124c358)] -> id: salarytype]
2021-12-15 00:12:624 INFO  HomePage :111 - Selecting job type from dropdown: [[ChromeDriver: chrome on WINDOWS (415794b9a63b7d9489e25eab2124c358)] -> id: tempperm]
2021-12-15 00:12:771 INFO  HomePage :116 - Clicking on find job button: [[ChromeDriver: chrome on WINDOWS (415794b9a63b7d9489e25eab2124c358)] -> id: hp-search-btn]
2021-12-15 00:12:761 INFO  ResultPage :32 - Verifying Search result: [[ChromeDriver: chrome on WINDOWS (415794b9a63b7d9489e25eab2124c358)] -> xpath: //div[@class='search-header__title']]
2021-12-15 00:12:705 INFO  ManageDriver :30 - Launching Chrome Browser
2021-12-15 00:12:555 INFO  HomePage :70 - Accepting cookies: [[ChromeDriver: chrome on WINDOWS (3f771a1e864403de3880e31535e210cd)] -> xpath: //button[@id='save']]
2021-12-15 00:12:162 INFO  HomePage :75 - Entering job title: [[ChromeDriver: chrome on WINDOWS (3f771a1e864403de3880e31535e210cd)] -> id: keywords]
2021-12-15 00:12:304 INFO  HomePage :80 - Entering location: [[ChromeDriver: chrome on WINDOWS (3f771a1e864403de3880e31535e210cd)] -> id: location]
2021-12-15 00:12:409 INFO  HomePage :86 - Selecting distance from dropdown: [[ChromeDriver: chrome on WINDOWS (3f771a1e864403de3880e31535e210cd)] -> id: distance]
2021-12-15 00:12:608 INFO  HomePage :91 - Clicking on more search options: [[ChromeDriver: chrome on WINDOWS (3f771a1e864403de3880e31535e210cd)] -> id: toggle-hp-search]
2021-12-15 00:12:52 INFO  HomePage :96 - Entering minimum salary: [[ChromeDriver: chrome on WINDOWS (3f771a1e864403de3880e31535e210cd)] -> id: salarymin]
2021-12-15 00:12:149 INFO  HomePage :101 - Entering maximum salary: 60000
2021-12-15 00:12:221 INFO  HomePage :106 - Selecting salary type from dropdown: [[ChromeDriver: chrome on WINDOWS (3f771a1e864403de3880e31535e210cd)] -> id: salarytype]
2021-12-15 00:12:287 INFO  HomePage :111 - Selecting job type from dropdown: [[ChromeDriver: chrome on WINDOWS (3f771a1e864403de3880e31535e210cd)] -> id: tempperm]
2021-12-15 00:12:415 INFO  HomePage :116 - Clicking on find job button: [[ChromeDriver: chrome on WINDOWS (3f771a1e864403de3880e31535e210cd)] -> id: hp-search-btn]
2021-12-15 00:12:308 INFO  ResultPage :32 - Verifying Search result: [[ChromeDriver: chrome on WINDOWS (3f771a1e864403de3880e31535e210cd)] -> xpath: //div[@class='search-header__title']]
2021-12-15 00:12:545 INFO  ManageDriver :30 - Launching Chrome Browser
2021-12-15 00:12:924 INFO  HomePage :70 - Accepting cookies: [[ChromeDriver: chrome on WINDOWS (710df219ebe70e34fa556b3ed332df32)] -> xpath: //button[@id='save']]
2021-12-15 00:12:260 INFO  HomePage :75 - Entering job title: [[ChromeDriver: chrome on WINDOWS (710df219ebe70e34fa556b3ed332df32)] -> id: keywords]
2021-12-15 00:12:580 INFO  HomePage :80 - Entering location: [[ChromeDriver: chrome on WINDOWS (710df219ebe70e34fa556b3ed332df32)] -> id: location]
2021-12-15 00:12:709 INFO  HomePage :86 - Selecting distance from dropdown: [[ChromeDriver: chrome on WINDOWS (710df219ebe70e34fa556b3ed332df32)] -> id: distance]
2021-12-15 00:12:873 INFO  HomePage :91 - Clicking on more search options: [[ChromeDriver: chrome on WINDOWS (710df219ebe70e34fa556b3ed332df32)] -> id: toggle-hp-search]
2021-12-15 00:12:278 INFO  HomePage :96 - Entering minimum salary: [[ChromeDriver: chrome on WINDOWS (710df219ebe70e34fa556b3ed332df32)] -> id: salarymin]
2021-12-15 00:12:419 INFO  HomePage :101 - Entering maximum salary: 50000
2021-12-15 00:12:527 INFO  HomePage :106 - Selecting salary type from dropdown: [[ChromeDriver: chrome on WINDOWS (710df219ebe70e34fa556b3ed332df32)] -> id: salarytype]
2021-12-15 00:12:630 INFO  HomePage :111 - Selecting job type from dropdown: [[ChromeDriver: chrome on WINDOWS (710df219ebe70e34fa556b3ed332df32)] -> id: tempperm]
2021-12-15 00:12:756 INFO  HomePage :116 - Clicking on find job button: [[ChromeDriver: chrome on WINDOWS (710df219ebe70e34fa556b3ed332df32)] -> id: hp-search-btn]
2021-12-15 00:12:307 INFO  ResultPage :32 - Verifying Search result: [[ChromeDriver: chrome on WINDOWS (710df219ebe70e34fa556b3ed332df32)] -> xpath: //div[@class='search-header__title']]
2021-12-15 00:12:478 INFO  ManageDriver :30 - Launching Chrome Browser
2021-12-15 00:12:996 INFO  HomePage :70 - Accepting cookies: [[ChromeDriver: chrome on WINDOWS (1f4d0b6f713b7a151509b93ef7b64f88)] -> xpath: //button[@id='save']]
2021-12-15 00:12:166 INFO  HomePage :75 - Entering job title: [[ChromeDriver: chrome on WINDOWS (1f4d0b6f713b7a151509b93ef7b64f88)] -> id: keywords]
2021-12-15 00:12:283 INFO  HomePage :80 - Entering location: [[ChromeDriver: chrome on WINDOWS (1f4d0b6f713b7a151509b93ef7b64f88)] -> id: location]
2021-12-15 00:12:385 INFO  HomePage :86 - Selecting distance from dropdown: [[ChromeDriver: chrome on WINDOWS (1f4d0b6f713b7a151509b93ef7b64f88)] -> id: distance]
2021-12-15 00:12:77 INFO  ManageDriver :30 - Launching Chrome Browser
2021-12-15 00:12:566 INFO  HomePage :70 - Accepting cookies: [[ChromeDriver: chrome on WINDOWS (184e1221a8e4936310903501c5501544)] -> xpath: //button[@id='save']]
2021-12-15 00:12:163 INFO  HomePage :75 - Entering job title: [[ChromeDriver: chrome on WINDOWS (184e1221a8e4936310903501c5501544)] -> id: keywords]
2021-12-15 00:12:308 INFO  HomePage :80 - Entering location: [[ChromeDriver: chrome on WINDOWS (184e1221a8e4936310903501c5501544)] -> id: location]
2021-12-15 00:12:478 INFO  HomePage :86 - Selecting distance from dropdown: [[ChromeDriver: chrome on WINDOWS (184e1221a8e4936310903501c5501544)] -> id: distance]
2021-12-15 00:12:932 INFO  HomePage :91 - Clicking on more search options: [[ChromeDriver: chrome on WINDOWS (184e1221a8e4936310903501c5501544)] -> id: toggle-hp-search]
2021-12-15 00:12:157 INFO  HomePage :96 - Entering minimum salary: [[ChromeDriver: chrome on WINDOWS (184e1221a8e4936310903501c5501544)] -> id: salarymin]
2021-12-15 00:12:246 INFO  HomePage :101 - Entering maximum salary: 800
2021-12-15 00:12:356 INFO  HomePage :106 - Selecting salary type from dropdown: [[ChromeDriver: chrome on WINDOWS (184e1221a8e4936310903501c5501544)] -> id: salarytype]
2021-12-15 00:12:459 INFO  HomePage :111 - Selecting job type from dropdown: [[ChromeDriver: chrome on WINDOWS (184e1221a8e4936310903501c5501544)] -> id: tempperm]
2021-12-15 00:12:604 INFO  HomePage :116 - Clicking on find job button: [[ChromeDriver: chrome on WINDOWS (184e1221a8e4936310903501c5501544)] -> id: hp-search-btn]
2021-12-15 00:12:575 INFO  ResultPage :32 - Verifying Search result: [[ChromeDriver: chrome on WINDOWS (184e1221a8e4936310903501c5501544)] -> xpath: //div[@class='search-header__title']]
2021-12-15 00:12:711 INFO  ManageDriver :30 - Launching Chrome Browser
2021-12-15 00:12:677 INFO  HomePage :70 - Accepting cookies: [[ChromeDriver: chrome on WINDOWS (644ec0e0b43e1092e8bdc430fabb3d46)] -> xpath: //button[@id='save']]
2021-12-15 00:12:251 INFO  HomePage :75 - Entering job title: [[ChromeDriver: chrome on WINDOWS (644ec0e0b43e1092e8bdc430fabb3d46)] -> id: keywords]
2021-12-15 00:12:442 INFO  HomePage :80 - Entering location: [[ChromeDriver: chrome on WINDOWS (644ec0e0b43e1092e8bdc430fabb3d46)] -> id: location]
2021-12-15 00:12:650 INFO  HomePage :86 - Selecting distance from dropdown: [[ChromeDriver: chrome on WINDOWS (644ec0e0b43e1092e8bdc430fabb3d46)] -> id: distance]
2021-12-15 00:12:856 INFO  HomePage :91 - Clicking on more search options: [[ChromeDriver: chrome on WINDOWS (644ec0e0b43e1092e8bdc430fabb3d46)] -> id: toggle-hp-search]
2021-12-15 00:12:223 INFO  HomePage :96 - Entering minimum salary: [[ChromeDriver: chrome on WINDOWS (644ec0e0b43e1092e8bdc430fabb3d46)] -> id: salarymin]
2021-12-15 00:12:352 INFO  HomePage :101 - Entering maximum salary: 75000
2021-12-15 00:12:404 INFO  HomePage :106 - Selecting salary type from dropdown: [[ChromeDriver: chrome on WINDOWS (644ec0e0b43e1092e8bdc430fabb3d46)] -> id: salarytype]
2021-12-15 00:12:510 INFO  HomePage :111 - Selecting job type from dropdown: [[ChromeDriver: chrome on WINDOWS (644ec0e0b43e1092e8bdc430fabb3d46)] -> id: tempperm]
2021-12-15 00:12:641 INFO  HomePage :116 - Clicking on find job button: [[ChromeDriver: chrome on WINDOWS (644ec0e0b43e1092e8bdc430fabb3d46)] -> id: hp-search-btn]
2021-12-15 00:12:84 INFO  ResultPage :32 - Verifying Search result: [[ChromeDriver: chrome on WINDOWS (644ec0e0b43e1092e8bdc430fabb3d46)] -> xpath: //div[@class='search-header__title']]
